Analysis & Synthesis report for RingBuffer
Tue May 21 10:20:02 2024
Quartus Prime Version 20.1.1 Build 720 11/11/2020 SJ Lite Edition


---------------------
; Table of Contents ;
---------------------
  1. Legal Notice
  2. Analysis & Synthesis Summary
  3. Analysis & Synthesis Settings
  4. Parallel Compilation
  5. Analysis & Synthesis Source Files Read
  6. Analysis & Synthesis Resource Usage Summary
  7. Analysis & Synthesis Resource Utilization by Entity
  8. State Machine - |RingBuffer|RingBufferControl:RingBufferControl_U0|CurrentState
  9. User-Specified and Inferred Latches
 10. Registers Removed During Synthesis
 11. General Register Statistics
 12. Parameter Settings for User Entity Instance: RAM:RAM_U0
 13. Port Connectivity Checks: "MemoryAddressControl:MemoryAddressControl_U0|MAC_FFD:MAC_FFD_U0"
 14. Port Connectivity Checks: "MemoryAddressControl:MemoryAddressControl_U0|MAC_Cont:MAC_Cont_U0|MAC_Cont_Reg:MAC_Cont_Reg_U0|MAC_FFD:FFD_U2"
 15. Port Connectivity Checks: "MemoryAddressControl:MemoryAddressControl_U0|MAC_Cont:MAC_Cont_U0|MAC_Cont_Reg:MAC_Cont_Reg_U0|MAC_FFD:FFD_U1"
 16. Port Connectivity Checks: "MemoryAddressControl:MemoryAddressControl_U0|MAC_Cont:MAC_Cont_U0|MAC_Cont_Reg:MAC_Cont_Reg_U0|MAC_FFD:FFD_U0"
 17. Port Connectivity Checks: "MemoryAddressControl:MemoryAddressControl_U0|MAC_Cont:MAC_Cont_U0|MAC_Cont_Reg:MAC_Cont_Reg_U0"
 18. Port Connectivity Checks: "MemoryAddressControl:MemoryAddressControl_U0|MAC_Cont:MAC_Cont_U0|MAC_Cont_Adder:Adder_0|MAC_Cont_FullAdder:FullAdder_U2"
 19. Port Connectivity Checks: "MemoryAddressControl:MemoryAddressControl_U0|MAC_Cont:MAC_Cont_U0|MAC_Cont_Adder:Adder_0"
 20. Post-Synthesis Netlist Statistics for Top Partition
 21. Elapsed Time Per Partition
 22. Analysis & Synthesis Messages



----------------
; Legal Notice ;
----------------
Copyright (C) 2020  Intel Corporation. All rights reserved.
Your use of Intel Corporation's design tools, logic functions 
and other software and tools, and any partner logic 
functions, and any output files from any of the foregoing 
(including device programming or simulation files), and any 
associated documentation or information are expressly subject 
to the terms and conditions of the Intel Program License 
Subscription Agreement, the Intel Quartus Prime License Agreement,
the Intel FPGA IP License Agreement, or other applicable license
agreement, including, without limitation, that your use is for
the sole purpose of programming logic devices manufactured by
Intel and sold by Intel or its authorized distributors.  Please
refer to the applicable agreement for further details, at
https://fpgasoftware.intel.com/eula.



+----------------------------------------------------------------------------------+
; Analysis & Synthesis Summary                                                     ;
+------------------------------------+---------------------------------------------+
; Analysis & Synthesis Status        ; Successful - Tue May 21 10:20:02 2024       ;
; Quartus Prime Version              ; 20.1.1 Build 720 11/11/2020 SJ Lite Edition ;
; Revision Name                      ; RingBuffer                                  ;
; Top-level Entity Name              ; RingBuffer                                  ;
; Family                             ; MAX 10                                      ;
; Total logic elements               ; 81                                          ;
;     Total combinational functions  ; 79                                          ;
;     Dedicated logic registers      ; 12                                          ;
; Total registers                    ; 12                                          ;
; Total pins                         ; 14                                          ;
; Total virtual pins                 ; 0                                           ;
; Total memory bits                  ; 0                                           ;
; Embedded Multiplier 9-bit elements ; 0                                           ;
; Total PLLs                         ; 0                                           ;
; UFM blocks                         ; 0                                           ;
; ADC blocks                         ; 0                                           ;
+------------------------------------+---------------------------------------------+


+------------------------------------------------------------------------------------------------------------+
; Analysis & Synthesis Settings                                                                              ;
+------------------------------------------------------------------+--------------------+--------------------+
; Option                                                           ; Setting            ; Default Value      ;
+------------------------------------------------------------------+--------------------+--------------------+
; Device                                                           ; 10M50DAF484C6GES   ;                    ;
; Top-level entity name                                            ; RingBuffer         ; RingBuffer         ;
; Family name                                                      ; MAX 10             ; Cyclone V          ;
; Use smart compilation                                            ; Off                ; Off                ;
; Enable parallel Assembler and Timing Analyzer during compilation ; On                 ; On                 ;
; Enable compact report table                                      ; Off                ; Off                ;
; Restructure Multiplexers                                         ; Auto               ; Auto               ;
; Create Debugging Nodes for IP Cores                              ; Off                ; Off                ;
; Preserve fewer node names                                        ; On                 ; On                 ;
; Intel FPGA IP Evaluation Mode                                    ; Enable             ; Enable             ;
; Verilog Version                                                  ; Verilog_2001       ; Verilog_2001       ;
; VHDL Version                                                     ; VHDL_1993          ; VHDL_1993          ;
; State Machine Processing                                         ; Auto               ; Auto               ;
; Safe State Machine                                               ; Off                ; Off                ;
; Extract Verilog State Machines                                   ; On                 ; On                 ;
; Extract VHDL State Machines                                      ; On                 ; On                 ;
; Ignore Verilog initial constructs                                ; Off                ; Off                ;
; Iteration limit for constant Verilog loops                       ; 5000               ; 5000               ;
; Iteration limit for non-constant Verilog loops                   ; 250                ; 250                ;
; Add Pass-Through Logic to Inferred RAMs                          ; On                 ; On                 ;
; Infer RAMs from Raw Logic                                        ; On                 ; On                 ;
; Parallel Synthesis                                               ; On                 ; On                 ;
; DSP Block Balancing                                              ; Auto               ; Auto               ;
; NOT Gate Push-Back                                               ; On                 ; On                 ;
; Power-Up Don't Care                                              ; On                 ; On                 ;
; Remove Redundant Logic Cells                                     ; Off                ; Off                ;
; Remove Duplicate Registers                                       ; On                 ; On                 ;
; Ignore CARRY Buffers                                             ; Off                ; Off                ;
; Ignore CASCADE Buffers                                           ; Off                ; Off                ;
; Ignore GLOBAL Buffers                                            ; Off                ; Off                ;
; Ignore ROW GLOBAL Buffers                                        ; Off                ; Off                ;
; Ignore LCELL Buffers                                             ; Off                ; Off                ;
; Ignore SOFT Buffers                                              ; On                 ; On                 ;
; Limit AHDL Integers to 32 Bits                                   ; Off                ; Off                ;
; Optimization Technique                                           ; Balanced           ; Balanced           ;
; Carry Chain Length                                               ; 70                 ; 70                 ;
; Auto Carry Chains                                                ; On                 ; On                 ;
; Auto Open-Drain Pins                                             ; On                 ; On                 ;
; Perform WYSIWYG Primitive Resynthesis                            ; Off                ; Off                ;
; Auto ROM Replacement                                             ; On                 ; On                 ;
; Auto RAM Replacement                                             ; On                 ; On                 ;
; Auto DSP Block Replacement                                       ; On                 ; On                 ;
; Auto Shift Register Replacement                                  ; Auto               ; Auto               ;
; Allow Shift Register Merging across Hierarchies                  ; Auto               ; Auto               ;
; Auto Clock Enable Replacement                                    ; On                 ; On                 ;
; Strict RAM Replacement                                           ; Off                ; Off                ;
; Allow Synchronous Control Signals                                ; On                 ; On                 ;
; Force Use of Synchronous Clear Signals                           ; Off                ; Off                ;
; Auto RAM Block Balancing                                         ; On                 ; On                 ;
; Auto RAM to Logic Cell Conversion                                ; Off                ; Off                ;
; Auto Resource Sharing                                            ; Off                ; Off                ;
; Allow Any RAM Size For Recognition                               ; Off                ; Off                ;
; Allow Any ROM Size For Recognition                               ; Off                ; Off                ;
; Allow Any Shift Register Size For Recognition                    ; Off                ; Off                ;
; Use LogicLock Constraints during Resource Balancing              ; On                 ; On                 ;
; Ignore translate_off and synthesis_off directives                ; Off                ; Off                ;
; Timing-Driven Synthesis                                          ; On                 ; On                 ;
; Report Parameter Settings                                        ; On                 ; On                 ;
; Report Source Assignments                                        ; On                 ; On                 ;
; Report Connectivity Checks                                       ; On                 ; On                 ;
; Ignore Maximum Fan-Out Assignments                               ; Off                ; Off                ;
; Synchronization Register Chain Length                            ; 2                  ; 2                  ;
; Power Optimization During Synthesis                              ; Normal compilation ; Normal compilation ;
; HDL message level                                                ; Level2             ; Level2             ;
; Suppress Register Optimization Related Messages                  ; Off                ; Off                ;
; Number of Removed Registers Reported in Synthesis Report         ; 5000               ; 5000               ;
; Number of Swept Nodes Reported in Synthesis Report               ; 5000               ; 5000               ;
; Number of Inverted Registers Reported in Synthesis Report        ; 100                ; 100                ;
; Clock MUX Protection                                             ; On                 ; On                 ;
; Auto Gated Clock Conversion                                      ; Off                ; Off                ;
; Block Design Naming                                              ; Auto               ; Auto               ;
; SDC constraint protection                                        ; Off                ; Off                ;
; Synthesis Effort                                                 ; Auto               ; Auto               ;
; Shift Register Replacement - Allow Asynchronous Clear Signal     ; On                 ; On                 ;
; Pre-Mapping Resynthesis Optimization                             ; Off                ; Off                ;
; Analysis & Synthesis Message Level                               ; Medium             ; Medium             ;
; Disable Register Merging Across Hierarchies                      ; Auto               ; Auto               ;
; Resource Aware Inference For Block RAM                           ; On                 ; On                 ;
+------------------------------------------------------------------+--------------------+--------------------+


+------------------------------------------+
; Parallel Compilation                     ;
+----------------------------+-------------+
; Processors                 ; Number      ;
+----------------------------+-------------+
; Number detected on machine ; 24          ;
; Maximum allowed            ; 16          ;
;                            ;             ;
; Average used               ; 1.00        ;
; Maximum used               ; 16          ;
;                            ;             ;
; Usage by Processor         ; % Time Used ;
;     Processor 1            ; 100.0%      ;
;     Processor 2            ;   0.0%      ;
;     Processors 3-16        ;   0.0%      ;
+----------------------------+-------------+


+------------------------------------------------------------------------------------------------------------------------------------------------------------------------------------------------------------+
; Analysis & Synthesis Source Files Read                                                                                                                                                                     ;
+----------------------------------+-----------------+-----------------------+---------------------------------------------------------------------------------------------------------------------+---------+
; File Name with User-Entered Path ; Used in Netlist ; File Type             ; File Name with Absolute Path                                                                                        ; Library ;
+----------------------------------+-----------------+-----------------------+---------------------------------------------------------------------------------------------------------------------+---------+
; RingBuffer.vhd                   ; yes             ; User VHDL File        ; C:/Users/Miguel Portela/Desktop/LIC/Hardware/SpaceInvadersGame/Keyboard Reader/Ring Buffer/RingBuffer.vhd           ;         ;
; ringbuffercontrol.vhd            ; yes             ; Auto-Found VHDL File  ; C:/Users/Miguel Portela/Desktop/LIC/Hardware/SpaceInvadersGame/Keyboard Reader/Ring Buffer/ringbuffercontrol.vhd    ;         ;
; memoryaddresscontrol.vhd         ; yes             ; Auto-Found VHDL File  ; C:/Users/Miguel Portela/Desktop/LIC/Hardware/SpaceInvadersGame/Keyboard Reader/Ring Buffer/memoryaddresscontrol.vhd ;         ;
; mac_cont.vhd                     ; yes             ; Auto-Found VHDL File  ; C:/Users/Miguel Portela/Desktop/LIC/Hardware/SpaceInvadersGame/Keyboard Reader/Ring Buffer/mac_cont.vhd             ;         ;
; mac_cont_adder.vhd               ; yes             ; Auto-Found VHDL File  ; C:/Users/Miguel Portela/Desktop/LIC/Hardware/SpaceInvadersGame/Keyboard Reader/Ring Buffer/mac_cont_adder.vhd       ;         ;
; mac_cont_fulladder.vhd           ; yes             ; Auto-Found VHDL File  ; C:/Users/Miguel Portela/Desktop/LIC/Hardware/SpaceInvadersGame/Keyboard Reader/Ring Buffer/mac_cont_fulladder.vhd   ;         ;
; mac_cont_reg.vhd                 ; yes             ; Auto-Found VHDL File  ; C:/Users/Miguel Portela/Desktop/LIC/Hardware/SpaceInvadersGame/Keyboard Reader/Ring Buffer/mac_cont_reg.vhd         ;         ;
; mac_ffd.vhd                      ; yes             ; Auto-Found VHDL File  ; C:/Users/Miguel Portela/Desktop/LIC/Hardware/SpaceInvadersGame/Keyboard Reader/Ring Buffer/mac_ffd.vhd              ;         ;
; mac_mux.vhd                      ; yes             ; Auto-Found VHDL File  ; C:/Users/Miguel Portela/Desktop/LIC/Hardware/SpaceInvadersGame/Keyboard Reader/Ring Buffer/mac_mux.vhd              ;         ;
; mac_compare.vhd                  ; yes             ; Auto-Found VHDL File  ; C:/Users/Miguel Portela/Desktop/LIC/Hardware/SpaceInvadersGame/Keyboard Reader/Ring Buffer/mac_compare.vhd          ;         ;
; ram.vhd                          ; yes             ; Auto-Found VHDL File  ; C:/Users/Miguel Portela/Desktop/LIC/Hardware/SpaceInvadersGame/Keyboard Reader/Ring Buffer/ram.vhd                  ;         ;
+----------------------------------+-----------------+-----------------------+---------------------------------------------------------------------------------------------------------------------+---------+


+----------------------------------------------------------------------------------------------------------------------------+
; Analysis & Synthesis Resource Usage Summary                                                                                ;
+---------------------------------------------+------------------------------------------------------------------------------+
; Resource                                    ; Usage                                                                        ;
+---------------------------------------------+------------------------------------------------------------------------------+
; Estimated Total logic elements              ; 81                                                                           ;
;                                             ;                                                                              ;
; Total combinational functions               ; 79                                                                           ;
; Logic element usage by number of LUT inputs ;                                                                              ;
;     -- 4 input functions                    ; 31                                                                           ;
;     -- 3 input functions                    ; 46                                                                           ;
;     -- <=2 input functions                  ; 2                                                                            ;
;                                             ;                                                                              ;
; Logic elements by mode                      ;                                                                              ;
;     -- normal mode                          ; 79                                                                           ;
;     -- arithmetic mode                      ; 0                                                                            ;
;                                             ;                                                                              ;
; Total registers                             ; 12                                                                           ;
;     -- Dedicated logic registers            ; 12                                                                           ;
;     -- I/O registers                        ; 0                                                                            ;
;                                             ;                                                                              ;
; I/O pins                                    ; 14                                                                           ;
;                                             ;                                                                              ;
; Embedded Multiplier 9-bit elements          ; 0                                                                            ;
;                                             ;                                                                              ;
; Maximum fan-out node                        ; MemoryAddressControl:MemoryAddressControl_U0|MAC_Mux:MAC_Mux_U0|Address[0]~0 ;
; Maximum fan-out                             ; 20                                                                           ;
; Total fan-out                               ; 322                                                                          ;
; Average fan-out                             ; 2.71                                                                         ;
+---------------------------------------------+------------------------------------------------------------------------------+


+--------------------------------------------------------------------------------------------------------------------------------------------------------------------------------------------------------------------------------------------------------------------------------------------------------------------------------------------------------------------------+
; Analysis & Synthesis Resource Utilization by Entity                                                                                                                                                                                                                                                                                                                      ;
+---------------------------------------------------+---------------------+---------------------------+-------------+------------+--------------+---------+-----------+------+--------------+------------+---------------------------------------------------------------------------------------------------------------------------+----------------------+--------------+
; Compilation Hierarchy Node                        ; Combinational ALUTs ; Dedicated Logic Registers ; Memory Bits ; UFM Blocks ; DSP Elements ; DSP 9x9 ; DSP 18x18 ; Pins ; Virtual Pins ; ADC blocks ; Full Hierarchy Name                                                                                                       ; Entity Name          ; Library Name ;
+---------------------------------------------------+---------------------+---------------------------+-------------+------------+--------------+---------+-----------+------+--------------+------------+---------------------------------------------------------------------------------------------------------------------------+----------------------+--------------+
; |RingBuffer                                       ; 79 (8)              ; 12 (0)                    ; 0           ; 0          ; 0            ; 0       ; 0         ; 14   ; 0            ; 0          ; |RingBuffer                                                                                                               ; RingBuffer           ; work         ;
;    |MemoryAddressControl:MemoryAddressControl_U0| ; 11 (2)              ; 7 (0)                     ; 0           ; 0          ; 0            ; 0       ; 0         ; 0    ; 0            ; 0          ; |RingBuffer|MemoryAddressControl:MemoryAddressControl_U0                                                                  ; MemoryAddressControl ; work         ;
;       |MAC_Cont:MAC_Cont_U0|                      ; 3 (0)               ; 3 (0)                     ; 0           ; 0          ; 0            ; 0       ; 0         ; 0    ; 0            ; 0          ; |RingBuffer|MemoryAddressControl:MemoryAddressControl_U0|MAC_Cont:MAC_Cont_U0                                             ; MAC_Cont             ; work         ;
;          |MAC_Cont_Reg:MAC_Cont_Reg_U0|           ; 3 (0)               ; 3 (0)                     ; 0           ; 0          ; 0            ; 0       ; 0         ; 0    ; 0            ; 0          ; |RingBuffer|MemoryAddressControl:MemoryAddressControl_U0|MAC_Cont:MAC_Cont_U0|MAC_Cont_Reg:MAC_Cont_Reg_U0                ; MAC_Cont_Reg         ; work         ;
;             |MAC_FFD:FFD_U0|                      ; 1 (1)               ; 1 (1)                     ; 0           ; 0          ; 0            ; 0       ; 0         ; 0    ; 0            ; 0          ; |RingBuffer|MemoryAddressControl:MemoryAddressControl_U0|MAC_Cont:MAC_Cont_U0|MAC_Cont_Reg:MAC_Cont_Reg_U0|MAC_FFD:FFD_U0 ; MAC_FFD              ; work         ;
;             |MAC_FFD:FFD_U1|                      ; 1 (1)               ; 1 (1)                     ; 0           ; 0          ; 0            ; 0       ; 0         ; 0    ; 0            ; 0          ; |RingBuffer|MemoryAddressControl:MemoryAddressControl_U0|MAC_Cont:MAC_Cont_U0|MAC_Cont_Reg:MAC_Cont_Reg_U0|MAC_FFD:FFD_U1 ; MAC_FFD              ; work         ;
;             |MAC_FFD:FFD_U2|                      ; 1 (1)               ; 1 (1)                     ; 0           ; 0          ; 0            ; 0       ; 0         ; 0    ; 0            ; 0          ; |RingBuffer|MemoryAddressControl:MemoryAddressControl_U0|MAC_Cont:MAC_Cont_U0|MAC_Cont_Reg:MAC_Cont_Reg_U0|MAC_FFD:FFD_U2 ; MAC_FFD              ; work         ;
;       |MAC_Cont:MAC_Cont_U1|                      ; 3 (0)               ; 3 (0)                     ; 0           ; 0          ; 0            ; 0       ; 0         ; 0    ; 0            ; 0          ; |RingBuffer|MemoryAddressControl:MemoryAddressControl_U0|MAC_Cont:MAC_Cont_U1                                             ; MAC_Cont             ; work         ;
;          |MAC_Cont_Reg:MAC_Cont_Reg_U0|           ; 3 (0)               ; 3 (0)                     ; 0           ; 0          ; 0            ; 0       ; 0         ; 0    ; 0            ; 0          ; |RingBuffer|MemoryAddressControl:MemoryAddressControl_U0|MAC_Cont:MAC_Cont_U1|MAC_Cont_Reg:MAC_Cont_Reg_U0                ; MAC_Cont_Reg         ; work         ;
;             |MAC_FFD:FFD_U0|                      ; 1 (1)               ; 1 (1)                     ; 0           ; 0          ; 0            ; 0       ; 0         ; 0    ; 0            ; 0          ; |RingBuffer|MemoryAddressControl:MemoryAddressControl_U0|MAC_Cont:MAC_Cont_U1|MAC_Cont_Reg:MAC_Cont_Reg_U0|MAC_FFD:FFD_U0 ; MAC_FFD              ; work         ;
;             |MAC_FFD:FFD_U1|                      ; 1 (1)               ; 1 (1)                     ; 0           ; 0          ; 0            ; 0       ; 0         ; 0    ; 0            ; 0          ; |RingBuffer|MemoryAddressControl:MemoryAddressControl_U0|MAC_Cont:MAC_Cont_U1|MAC_Cont_Reg:MAC_Cont_Reg_U0|MAC_FFD:FFD_U1 ; MAC_FFD              ; work         ;
;             |MAC_FFD:FFD_U2|                      ; 1 (1)               ; 1 (1)                     ; 0           ; 0          ; 0            ; 0       ; 0         ; 0    ; 0            ; 0          ; |RingBuffer|MemoryAddressControl:MemoryAddressControl_U0|MAC_Cont:MAC_Cont_U1|MAC_Cont_Reg:MAC_Cont_Reg_U0|MAC_FFD:FFD_U2 ; MAC_FFD              ; work         ;
;       |MAC_FFD:MAC_FFD_U0|                        ; 0 (0)               ; 1 (1)                     ; 0           ; 0          ; 0            ; 0       ; 0         ; 0    ; 0            ; 0          ; |RingBuffer|MemoryAddressControl:MemoryAddressControl_U0|MAC_FFD:MAC_FFD_U0                                               ; MAC_FFD              ; work         ;
;       |MAC_Mux:MAC_Mux_U0|                        ; 3 (3)               ; 0 (0)                     ; 0           ; 0          ; 0            ; 0       ; 0         ; 0    ; 0            ; 0          ; |RingBuffer|MemoryAddressControl:MemoryAddressControl_U0|MAC_Mux:MAC_Mux_U0                                               ; MAC_Mux              ; work         ;
;    |RAM:RAM_U0|                                   ; 52 (52)             ; 0 (0)                     ; 0           ; 0          ; 0            ; 0       ; 0         ; 0    ; 0            ; 0          ; |RingBuffer|RAM:RAM_U0                                                                                                    ; RAM                  ; work         ;
;    |RingBufferControl:RingBufferControl_U0|       ; 8 (8)               ; 5 (5)                     ; 0           ; 0          ; 0            ; 0       ; 0         ; 0    ; 0            ; 0          ; |RingBuffer|RingBufferControl:RingBufferControl_U0                                                                        ; RingBufferControl    ; work         ;
+---------------------------------------------------+---------------------+---------------------------+-------------+------------+--------------+---------+-----------+------+--------------+------------+---------------------------------------------------------------------------------------------------------------------------+----------------------+--------------+
Note: For table entries with two numbers listed, the numbers in parentheses indicate the number of resources of the given type used by the specific entity alone. The numbers listed outside of parentheses indicate the total resources of the given type used by the specific entity and all of its sub-entities in the hierarchy.


Encoding Type:  One-Hot
+------------------------------------------------------------------------------------------------------------------------------------------------------------------------------+
; State Machine - |RingBuffer|RingBufferControl:RingBufferControl_U0|CurrentState                                                                                              ;
+------------------------+------------------------+------------------------+------------------------+------------------------+------------------------+------------------------+
; Name                   ; CurrentState.STATE_101 ; CurrentState.STATE_100 ; CurrentState.STATE_011 ; CurrentState.STATE_010 ; CurrentState.STATE_001 ; CurrentState.STATE_000 ;
+------------------------+------------------------+------------------------+------------------------+------------------------+------------------------+------------------------+
; CurrentState.STATE_000 ; 0                      ; 0                      ; 0                      ; 0                      ; 0                      ; 0                      ;
; CurrentState.STATE_001 ; 0                      ; 0                      ; 0                      ; 0                      ; 1                      ; 1                      ;
; CurrentState.STATE_010 ; 0                      ; 0                      ; 0                      ; 1                      ; 0                      ; 1                      ;
; CurrentState.STATE_011 ; 0                      ; 0                      ; 1                      ; 0                      ; 0                      ; 1                      ;
; CurrentState.STATE_100 ; 0                      ; 1                      ; 0                      ; 0                      ; 0                      ; 1                      ;
; CurrentState.STATE_101 ; 1                      ; 0                      ; 0                      ; 0                      ; 0                      ; 1                      ;
+------------------------+------------------------+------------------------+------------------------+------------------------+------------------------+------------------------+


+----------------------------------------------------------------------------------------------------+
; User-Specified and Inferred Latches                                                                ;
+-----------------------------------------------------+---------------------+------------------------+
; Latch Name                                          ; Latch Enable Signal ; Free of Timing Hazards ;
+-----------------------------------------------------+---------------------+------------------------+
; RAM:RAM_U0|ram~8                                    ; rtl~0               ; yes                    ;
; RAM:RAM_U0|ram~4                                    ; rtl~1               ; yes                    ;
; RAM:RAM_U0|ram~0                                    ; rtl~2               ; yes                    ;
; RAM:RAM_U0|ram~12                                   ; rtl~3               ; yes                    ;
; RAM:RAM_U0|ram~20                                   ; rtl~4               ; yes                    ;
; RAM:RAM_U0|ram~24                                   ; rtl~5               ; yes                    ;
; RAM:RAM_U0|ram~16                                   ; rtl~6               ; yes                    ;
; RAM:RAM_U0|ram~28                                   ; rtl~7               ; yes                    ;
; RAM:RAM_U0|ram~9                                    ; rtl~0               ; yes                    ;
; RAM:RAM_U0|ram~5                                    ; rtl~1               ; yes                    ;
; RAM:RAM_U0|ram~1                                    ; rtl~2               ; yes                    ;
; RAM:RAM_U0|ram~13                                   ; rtl~3               ; yes                    ;
; RAM:RAM_U0|ram~21                                   ; rtl~4               ; yes                    ;
; RAM:RAM_U0|ram~25                                   ; rtl~5               ; yes                    ;
; RAM:RAM_U0|ram~17                                   ; rtl~6               ; yes                    ;
; RAM:RAM_U0|ram~29                                   ; rtl~7               ; yes                    ;
; RAM:RAM_U0|ram~10                                   ; rtl~0               ; yes                    ;
; RAM:RAM_U0|ram~6                                    ; rtl~1               ; yes                    ;
; RAM:RAM_U0|ram~2                                    ; rtl~2               ; yes                    ;
; RAM:RAM_U0|ram~14                                   ; rtl~3               ; yes                    ;
; RAM:RAM_U0|ram~22                                   ; rtl~4               ; yes                    ;
; RAM:RAM_U0|ram~26                                   ; rtl~5               ; yes                    ;
; RAM:RAM_U0|ram~18                                   ; rtl~6               ; yes                    ;
; RAM:RAM_U0|ram~30                                   ; rtl~7               ; yes                    ;
; RAM:RAM_U0|ram~11                                   ; rtl~0               ; yes                    ;
; RAM:RAM_U0|ram~7                                    ; rtl~1               ; yes                    ;
; RAM:RAM_U0|ram~3                                    ; rtl~2               ; yes                    ;
; RAM:RAM_U0|ram~15                                   ; rtl~3               ; yes                    ;
; RAM:RAM_U0|ram~23                                   ; rtl~4               ; yes                    ;
; RAM:RAM_U0|ram~27                                   ; rtl~5               ; yes                    ;
; RAM:RAM_U0|ram~19                                   ; rtl~6               ; yes                    ;
; RAM:RAM_U0|ram~31                                   ; rtl~7               ; yes                    ;
; Number of user-specified and inferred latches = 32  ;                     ;                        ;
+-----------------------------------------------------+---------------------+------------------------+
Note: All latches listed above may not be present at the end of synthesis due to various synthesis optimizations.


+-----------------------------------------------------------------------------------------------------------------------------------------------+
; Registers Removed During Synthesis                                                                                                            ;
+---------------------------------------------------------------+-------------------------------------------------------------------------------+
; Register name                                                 ; Reason for Removal                                                            ;
+---------------------------------------------------------------+-------------------------------------------------------------------------------+
; RingBufferControl:RingBufferControl_U0|CurrentState.STATE_010 ; Merged with MemoryAddressControl:MemoryAddressControl_U0|MAC_FFD:MAC_FFD_U0|Q ;
; Total Number of Removed Registers = 1                         ;                                                                               ;
+---------------------------------------------------------------+-------------------------------------------------------------------------------+


+------------------------------------------------------+
; General Register Statistics                          ;
+----------------------------------------------+-------+
; Statistic                                    ; Value ;
+----------------------------------------------+-------+
; Total registers                              ; 12    ;
; Number of registers using Synchronous Clear  ; 0     ;
; Number of registers using Synchronous Load   ; 0     ;
; Number of registers using Asynchronous Clear ; 12    ;
; Number of registers using Asynchronous Load  ; 0     ;
; Number of registers using Clock Enable       ; 0     ;
; Number of registers using Preset             ; 0     ;
+----------------------------------------------+-------+


+---------------------------------------------------------+
; Parameter Settings for User Entity Instance: RAM:RAM_U0 ;
+----------------+-------+--------------------------------+
; Parameter Name ; Value ; Type                           ;
+----------------+-------+--------------------------------+
; address_width  ; 3     ; Signed Integer                 ;
; data_width     ; 4     ; Signed Integer                 ;
+----------------+-------+--------------------------------+
Note: In order to hide this table in the UI and the text report file, please set the "Show Parameter Settings in Synthesis Report" option in "Analysis and Synthesis Settings -> More Settings" to "Off".


+---------------------------------------------------------------------------------------------+
; Port Connectivity Checks: "MemoryAddressControl:MemoryAddressControl_U0|MAC_FFD:MAC_FFD_U0" ;
+------+-------+----------+-------------------------------------------------------------------+
; Port ; Type  ; Severity ; Details                                                           ;
+------+-------+----------+-------------------------------------------------------------------+
; set  ; Input ; Info     ; Stuck at GND                                                      ;
; en   ; Input ; Info     ; Stuck at VCC                                                      ;
+------+-------+----------+-------------------------------------------------------------------+


+-------------------------------------------------------------------------------------------------------------------------------------------+
; Port Connectivity Checks: "MemoryAddressControl:MemoryAddressControl_U0|MAC_Cont:MAC_Cont_U0|MAC_Cont_Reg:MAC_Cont_Reg_U0|MAC_FFD:FFD_U2" ;
+------+-------+----------+-----------------------------------------------------------------------------------------------------------------+
; Port ; Type  ; Severity ; Details                                                                                                         ;
+------+-------+----------+-----------------------------------------------------------------------------------------------------------------+
; set  ; Input ; Info     ; Stuck at GND                                                                                                    ;
+------+-------+----------+-----------------------------------------------------------------------------------------------------------------+


+-------------------------------------------------------------------------------------------------------------------------------------------+
; Port Connectivity Checks: "MemoryAddressControl:MemoryAddressControl_U0|MAC_Cont:MAC_Cont_U0|MAC_Cont_Reg:MAC_Cont_Reg_U0|MAC_FFD:FFD_U1" ;
+------+-------+----------+-----------------------------------------------------------------------------------------------------------------+
; Port ; Type  ; Severity ; Details                                                                                                         ;
+------+-------+----------+-----------------------------------------------------------------------------------------------------------------+
; set  ; Input ; Info     ; Stuck at GND                                                                                                    ;
+------+-------+----------+-----------------------------------------------------------------------------------------------------------------+


+-------------------------------------------------------------------------------------------------------------------------------------------+
; Port Connectivity Checks: "MemoryAddressControl:MemoryAddressControl_U0|MAC_Cont:MAC_Cont_U0|MAC_Cont_Reg:MAC_Cont_Reg_U0|MAC_FFD:FFD_U0" ;
+------+-------+----------+-----------------------------------------------------------------------------------------------------------------+
; Port ; Type  ; Severity ; Details                                                                                                         ;
+------+-------+----------+-----------------------------------------------------------------------------------------------------------------+
; set  ; Input ; Info     ; Stuck at GND                                                                                                    ;
+------+-------+----------+-----------------------------------------------------------------------------------------------------------------+


+----------------------------------------------------------------------------------------------------------------------------+
; Port Connectivity Checks: "MemoryAddressControl:MemoryAddressControl_U0|MAC_Cont:MAC_Cont_U0|MAC_Cont_Reg:MAC_Cont_Reg_U0" ;
+------+-------+----------+--------------------------------------------------------------------------------------------------+
; Port ; Type  ; Severity ; Details                                                                                          ;
+------+-------+----------+--------------------------------------------------------------------------------------------------+
; e    ; Input ; Info     ; Stuck at VCC                                                                                     ;
+------+-------+----------+--------------------------------------------------------------------------------------------------+


+------------------------------------------------------------------------------------------------------------------------------------------------------+
; Port Connectivity Checks: "MemoryAddressControl:MemoryAddressControl_U0|MAC_Cont:MAC_Cont_U0|MAC_Cont_Adder:Adder_0|MAC_Cont_FullAdder:FullAdder_U2" ;
+-------+--------+----------+--------------------------------------------------------------------------------------------------------------------------+
; Port  ; Type   ; Severity ; Details                                                                                                                  ;
+-------+--------+----------+--------------------------------------------------------------------------------------------------------------------------+
; cyout ; Output ; Info     ; Connected to dangling logic. Logic that only feeds a dangling port will be removed.                                      ;
+-------+--------+----------+--------------------------------------------------------------------------------------------------------------------------+


+----------------------------------------------------------------------------------------------------------------------+
; Port Connectivity Checks: "MemoryAddressControl:MemoryAddressControl_U0|MAC_Cont:MAC_Cont_U0|MAC_Cont_Adder:Adder_0" ;
+---------+-------+----------+-----------------------------------------------------------------------------------------+
; Port    ; Type  ; Severity ; Details                                                                                 ;
+---------+-------+----------+-----------------------------------------------------------------------------------------+
; b[2..1] ; Input ; Info     ; Stuck at GND                                                                            ;
; cyi     ; Input ; Info     ; Stuck at GND                                                                            ;
+---------+-------+----------+-----------------------------------------------------------------------------------------+


+-----------------------------------------------------+
; Post-Synthesis Netlist Statistics for Top Partition ;
+-----------------------+-----------------------------+
; Type                  ; Count                       ;
+-----------------------+-----------------------------+
; boundary_port         ; 14                          ;
; cycloneiii_ff         ; 12                          ;
;     CLR               ; 12                          ;
; cycloneiii_lcell_comb ; 79                          ;
;     normal            ; 79                          ;
;         2 data inputs ; 2                           ;
;         3 data inputs ; 46                          ;
;         4 data inputs ; 31                          ;
;                       ;                             ;
; Max LUT depth         ; 4.00                        ;
; Average LUT depth     ; 2.85                        ;
+-----------------------+-----------------------------+


+-------------------------------+
; Elapsed Time Per Partition    ;
+----------------+--------------+
; Partition Name ; Elapsed Time ;
+----------------+--------------+
; Top            ; 00:00:00     ;
+----------------+--------------+


+-------------------------------+
; Analysis & Synthesis Messages ;
+-------------------------------+
Info: *******************************************************************
Info: Running Quartus Prime Analysis & Synthesis
    Info: Version 20.1.1 Build 720 11/11/2020 SJ Lite Edition
    Info: Processing started: Tue May 21 10:19:56 2024
Info: Command: quartus_map --read_settings_files=on --write_settings_files=off RingBuffer -c RingBuffer
Warning (18236): Number of processors has not been specified which may cause overloading on shared machines.  Set the global assignment NUM_PARALLEL_PROCESSORS in your QSF to an appropriate value for best performance.
Info (20030): Parallel compilation is enabled and will use 16 of the 16 processors detected
Info (12021): Found 2 design units, including 1 entities, in source file ringbuffer.vhd
    Info (12022): Found design unit 1: RingBuffer-behavioral File: C:/Users/Miguel Portela/Desktop/LIC/Hardware/SpaceInvadersGame/Keyboard Reader/Ring Buffer/RingBuffer.vhd Line: 13
    Info (12023): Found entity 1: RingBuffer File: C:/Users/Miguel Portela/Desktop/LIC/Hardware/SpaceInvadersGame/Keyboard Reader/Ring Buffer/RingBuffer.vhd Line: 4
Info (12127): Elaborating entity "RingBuffer" for the top level hierarchy
Warning (12125): Using design file ringbuffercontrol.vhd, which is not specified as a design file for the current project, but contains definitions for 2 design units and 1 entities in project
    Info (12022): Found design unit 1: RingBufferControl-behavioral File: C:/Users/Miguel Portela/Desktop/LIC/Hardware/SpaceInvadersGame/Keyboard Reader/Ring Buffer/ringbuffercontrol.vhd Line: 11
    Info (12023): Found entity 1: RingBufferControl File: C:/Users/Miguel Portela/Desktop/LIC/Hardware/SpaceInvadersGame/Keyboard Reader/Ring Buffer/ringbuffercontrol.vhd Line: 4
Info (12128): Elaborating entity "RingBufferControl" for hierarchy "RingBufferControl:RingBufferControl_U0" File: C:/Users/Miguel Portela/Desktop/LIC/Hardware/SpaceInvadersGame/Keyboard Reader/Ring Buffer/RingBuffer.vhd Line: 45
Warning (12125): Using design file memoryaddresscontrol.vhd, which is not specified as a design file for the current project, but contains definitions for 2 design units and 1 entities in project
    Info (12022): Found design unit 1: MemoryAddressControl-behavioral File: C:/Users/Miguel Portela/Desktop/LIC/Hardware/SpaceInvadersGame/Keyboard Reader/Ring Buffer/memoryaddresscontrol.vhd Line: 13
    Info (12023): Found entity 1: MemoryAddressControl File: C:/Users/Miguel Portela/Desktop/LIC/Hardware/SpaceInvadersGame/Keyboard Reader/Ring Buffer/memoryaddresscontrol.vhd Line: 4
Info (12128): Elaborating entity "MemoryAddressControl" for hierarchy "MemoryAddressControl:MemoryAddressControl_U0" File: C:/Users/Miguel Portela/Desktop/LIC/Hardware/SpaceInvadersGame/Keyboard Reader/Ring Buffer/RingBuffer.vhd Line: 61
Warning (12125): Using design file mac_cont.vhd, which is not specified as a design file for the current project, but contains definitions for 2 design units and 1 entities in project
    Info (12022): Found design unit 1: MAC_Cont-behavioral File: C:/Users/Miguel Portela/Desktop/LIC/Hardware/SpaceInvadersGame/Keyboard Reader/Ring Buffer/mac_cont.vhd Line: 11
    Info (12023): Found entity 1: MAC_Cont File: C:/Users/Miguel Portela/Desktop/LIC/Hardware/SpaceInvadersGame/Keyboard Reader/Ring Buffer/mac_cont.vhd Line: 4
Info (12128): Elaborating entity "MAC_Cont" for hierarchy "MemoryAddressControl:MemoryAddressControl_U0|MAC_Cont:MAC_Cont_U0" File: C:/Users/Miguel Portela/Desktop/LIC/Hardware/SpaceInvadersGame/Keyboard Reader/Ring Buffer/MemoryAddressControl.vhd Line: 50
Warning (12125): Using design file mac_cont_adder.vhd, which is not specified as a design file for the current project, but contains definitions for 2 design units and 1 entities in project
    Info (12022): Found design unit 1: MAC_Cont_Adder-behavioral File: C:/Users/Miguel Portela/Desktop/LIC/Hardware/SpaceInvadersGame/Keyboard Reader/Ring Buffer/mac_cont_adder.vhd Line: 13
    Info (12023): Found entity 1: MAC_Cont_Adder File: C:/Users/Miguel Portela/Desktop/LIC/Hardware/SpaceInvadersGame/Keyboard Reader/Ring Buffer/mac_cont_adder.vhd Line: 4
Info (12128): Elaborating entity "MAC_Cont_Adder" for hierarchy "MemoryAddressControl:MemoryAddressControl_U0|MAC_Cont:MAC_Cont_U0|MAC_Cont_Adder:Adder_0" File: C:/Users/Miguel Portela/Desktop/LIC/Hardware/SpaceInvadersGame/Keyboard Reader/Ring Buffer/MAC_Cont.vhd Line: 34
Warning (12125): Using design file mac_cont_fulladder.vhd, which is not specified as a design file for the current project, but contains definitions for 2 design units and 1 entities in project
    Info (12022): Found design unit 1: MAC_Cont_FullAdder-behavioral File: C:/Users/Miguel Portela/Desktop/LIC/Hardware/SpaceInvadersGame/Keyboard Reader/Ring Buffer/mac_cont_fulladder.vhd Line: 14
    Info (12023): Found entity 1: MAC_Cont_FullAdder File: C:/Users/Miguel Portela/Desktop/LIC/Hardware/SpaceInvadersGame/Keyboard Reader/Ring Buffer/mac_cont_fulladder.vhd Line: 4
Info (12128): Elaborating entity "MAC_Cont_FullAdder" for hierarchy "MemoryAddressControl:MemoryAddressControl_U0|MAC_Cont:MAC_Cont_U0|MAC_Cont_Adder:Adder_0|MAC_Cont_FullAdder:FullAdder_U0" File: C:/Users/Miguel Portela/Desktop/LIC/Hardware/SpaceInvadersGame/Keyboard Reader/Ring Buffer/MAC_Cont_Adder.vhd Line: 28
Warning (12125): Using design file mac_cont_reg.vhd, which is not specified as a design file for the current project, but contains definitions for 2 design units and 1 entities in project
    Info (12022): Found design unit 1: MAC_Cont_Reg-behavioral File: C:/Users/Miguel Portela/Desktop/LIC/Hardware/SpaceInvadersGame/Keyboard Reader/Ring Buffer/mac_cont_reg.vhd Line: 14
    Info (12023): Found entity 1: MAC_Cont_Reg File: C:/Users/Miguel Portela/Desktop/LIC/Hardware/SpaceInvadersGame/Keyboard Reader/Ring Buffer/mac_cont_reg.vhd Line: 4
Info (12128): Elaborating entity "MAC_Cont_Reg" for hierarchy "MemoryAddressControl:MemoryAddressControl_U0|MAC_Cont:MAC_Cont_U0|MAC_Cont_Reg:MAC_Cont_Reg_U0" File: C:/Users/Miguel Portela/Desktop/LIC/Hardware/SpaceInvadersGame/Keyboard Reader/Ring Buffer/MAC_Cont.vhd Line: 44
Warning (12125): Using design file mac_ffd.vhd, which is not specified as a design file for the current project, but contains definitions for 2 design units and 1 entities in project
    Info (12022): Found design unit 1: MAC_FFD-behavioral File: C:/Users/Miguel Portela/Desktop/LIC/Hardware/SpaceInvadersGame/Keyboard Reader/Ring Buffer/mac_ffd.vhd Line: 15
    Info (12023): Found entity 1: MAC_FFD File: C:/Users/Miguel Portela/Desktop/LIC/Hardware/SpaceInvadersGame/Keyboard Reader/Ring Buffer/mac_ffd.vhd Line: 4
Info (12128): Elaborating entity "MAC_FFD" for hierarchy "MemoryAddressControl:MemoryAddressControl_U0|MAC_Cont:MAC_Cont_U0|MAC_Cont_Reg:MAC_Cont_Reg_U0|MAC_FFD:FFD_U0" File: C:/Users/Miguel Portela/Desktop/LIC/Hardware/SpaceInvadersGame/Keyboard Reader/Ring Buffer/MAC_Cont_Reg.vhd Line: 28
Warning (12125): Using design file mac_mux.vhd, which is not specified as a design file for the current project, but contains definitions for 2 design units and 1 entities in project
    Info (12022): Found design unit 1: MAC_Mux-behavioral File: C:/Users/Miguel Portela/Desktop/LIC/Hardware/SpaceInvadersGame/Keyboard Reader/Ring Buffer/mac_mux.vhd Line: 12
    Info (12023): Found entity 1: MAC_Mux File: C:/Users/Miguel Portela/Desktop/LIC/Hardware/SpaceInvadersGame/Keyboard Reader/Ring Buffer/mac_mux.vhd Line: 4
Info (12128): Elaborating entity "MAC_Mux" for hierarchy "MemoryAddressControl:MemoryAddressControl_U0|MAC_Mux:MAC_Mux_U0" File: C:/Users/Miguel Portela/Desktop/LIC/Hardware/SpaceInvadersGame/Keyboard Reader/Ring Buffer/MemoryAddressControl.vhd Line: 64
Warning (12125): Using design file mac_compare.vhd, which is not specified as a design file for the current project, but contains definitions for 2 design units and 1 entities in project
    Info (12022): Found design unit 1: MAC_Compare-behavioral File: C:/Users/Miguel Portela/Desktop/LIC/Hardware/SpaceInvadersGame/Keyboard Reader/Ring Buffer/mac_compare.vhd Line: 11
    Info (12023): Found entity 1: MAC_Compare File: C:/Users/Miguel Portela/Desktop/LIC/Hardware/SpaceInvadersGame/Keyboard Reader/Ring Buffer/mac_compare.vhd Line: 4
Info (12128): Elaborating entity "MAC_Compare" for hierarchy "MemoryAddressControl:MemoryAddressControl_U0|MAC_Compare:MAC_Compare_U0" File: C:/Users/Miguel Portela/Desktop/LIC/Hardware/SpaceInvadersGame/Keyboard Reader/Ring Buffer/MemoryAddressControl.vhd Line: 71
Warning (12125): Using design file ram.vhd, which is not specified as a design file for the current project, but contains definitions for 2 design units and 1 entities in project
    Info (12022): Found design unit 1: RAM-behavioral File: C:/Users/Miguel Portela/Desktop/LIC/Hardware/SpaceInvadersGame/Keyboard Reader/Ring Buffer/ram.vhd Line: 34
    Info (12023): Found entity 1: RAM File: C:/Users/Miguel Portela/Desktop/LIC/Hardware/SpaceInvadersGame/Keyboard Reader/Ring Buffer/ram.vhd Line: 21
Info (12128): Elaborating entity "RAM" for hierarchy "RAM:RAM_U0" File: C:/Users/Miguel Portela/Desktop/LIC/Hardware/SpaceInvadersGame/Keyboard Reader/Ring Buffer/RingBuffer.vhd Line: 72
Warning (10492): VHDL Process Statement warning at RAM.vhd(43): signal "ram" is read inside the Process Statement but isn't in the Process Statement's sensitivity list File: C:/Users/Miguel Portela/Desktop/LIC/Hardware/SpaceInvadersGame/Keyboard Reader/Ring Buffer/RAM.vhd Line: 43
Warning (10492): VHDL Process Statement warning at RAM.vhd(46): signal "din" is read inside the Process Statement but isn't in the Process Statement's sensitivity list File: C:/Users/Miguel Portela/Desktop/LIC/Hardware/SpaceInvadersGame/Keyboard Reader/Ring Buffer/RAM.vhd Line: 46
Info (286030): Timing-Driven Synthesis is running
Info (16010): Generating hard_block partition "hard_block:auto_generated_inst"
    Info (16011): Adding 0 node(s), including 0 DDIO, 0 PLL, 0 transceiver and 0 LCELL
Info (21057): Implemented 95 device resources after synthesis - the final resource count might be different
    Info (21058): Implemented 8 input pins
    Info (21059): Implemented 6 output pins
    Info (21061): Implemented 81 logic cells
Info: Quartus Prime Analysis & Synthesis was successful. 0 errors, 13 warnings
    Info: Peak virtual memory: 4891 megabytes
    Info: Processing ended: Tue May 21 10:20:02 2024
    Info: Elapsed time: 00:00:06
    Info: Total CPU time (on all processors): 00:00:04


